<?xml version="1.0" encoding="UTF-8"?>
<robot generator="Robot 3.2.2 (Python 3.11.4 on win32)" generated="20230728 16:39:35.149" rpa="false">
<suite id="s1" name="Test" source="C:\Robot_Framework\Red\Hydrocarbon\Workspace\Test">
<suite id="s1-s1" name="Robot Script Files" source="C:\Robot_Framework\Red\Hydrocarbon\Workspace\Test\Robot_Script_Files">
<suite id="s1-s1-s1" name="Test" source="C:\Robot_Framework\Red\Hydrocarbon\Workspace\Test\Robot_Script_Files\test.robot">
<test id="s1-s1-s1-t1" name="TC001_Test">
<kw name="Append To Environment Variable" library="OperatingSystem">
<doc>Appends given ``values`` to environment variable ``name``.</doc>
<arguments>
<arg>${ChromeDriver}</arg>
</arguments>
<msg timestamp="20230728 16:39:35.620" level="INFO">Environment variable 'C:/Driver/DriverRed(2)/chromedriver.exe' set to value ''.</msg>
<status status="PASS" starttime="20230728 16:39:35.604" endtime="20230728 16:39:35.620"></status>
</kw>
<kw name="Open Browser" library="SeleniumLibrary">
<doc>Opens a new browser instance to the optional ``url``.</doc>
<arguments>
<arg>${url}</arg>
<arg>${Browser}</arg>
</arguments>
<msg timestamp="20230728 16:39:35.620" level="INFO">Opening browser 'chrome' to base url 'https://www.w3schools.com/'.</msg>
<status status="PASS" starttime="20230728 16:39:35.620" endtime="20230728 16:39:38.550"></status>
</kw>
<kw name="Go To" library="SeleniumLibrary">
<doc>Navigates the current browser window to the provided ``url``.</doc>
<arguments>
<arg>${url}</arg>
</arguments>
<msg timestamp="20230728 16:39:38.551" level="INFO">Opening url 'https://www.w3schools.com/'</msg>
<status status="PASS" starttime="20230728 16:39:38.551" endtime="20230728 16:39:38.798"></status>
</kw>
<kw name="Maximize Browser Window" library="SeleniumLibrary">
<doc>Maximizes current browser window.</doc>
<status status="PASS" starttime="20230728 16:39:38.798" endtime="20230728 16:39:38.919"></status>
</kw>
<kw name="Sleep" library="BuiltIn">
<doc>Pauses the test executed for the given time.</doc>
<arguments>
<arg>15</arg>
</arguments>
<msg timestamp="20230728 16:39:53.921" level="INFO">Slept 15 seconds</msg>
<status status="PASS" starttime="20230728 16:39:38.919" endtime="20230728 16:39:53.921"></status>
</kw>
<status status="PASS" starttime="20230728 16:39:35.604" endtime="20230728 16:39:53.921" critical="yes"></status>
</test>
<status status="PASS" starttime="20230728 16:39:35.212" endtime="20230728 16:39:53.922"></status>
</suite>
<status status="PASS" starttime="20230728 16:39:35.212" endtime="20230728 16:39:53.923"></status>
</suite>
<status status="PASS" starttime="20230728 16:39:35.180" endtime="20230728 16:39:53.923"></status>
</suite>
<statistics>
<total>
<stat pass="1" fail="0">Critical Tests</stat>
<stat pass="1" fail="0">All Tests</stat>
</total>
<tag>
</tag>
<suite>
<stat pass="1" fail="0" id="s1" name="Test">Test</stat>
<stat pass="1" fail="0" id="s1-s1" name="Robot Script Files">Test.Robot Script Files</stat>
<stat pass="1" fail="0" id="s1-s1-s1" name="Test">Test.Robot Script Files.Test</stat>
</suite>
</statistics>
<errors>
</errors>
</robot>
